<?xml version="1.0" encoding="UTF-8"?>
<testng-results ignored="0" total="1" passed="1" failed="0" skipped="0">
  <reporter-output>
  </reporter-output>
  <suite started-at="2024-02-04T17:52:05 EST" name="Carina Demo Tests - Hello World" finished-at="2024-02-04T17:52:05 EST" duration-ms="159">
    <groups>
    </groups>
    <test started-at="2024-02-04T17:52:05 EST" name="Hello World test" finished-at="2024-02-04T17:52:05 EST" duration-ms="159">
      <class name="com.solvd.carina.demo.HelloWorld">
        <test-method signature="helloWorld()[pri:0, instance:com.solvd.carina.demo.HelloWorld@5df54296]" started-at="2024-02-04T17:52:05 EST" name="helloWorld" finished-at="2024-02-04T17:52:05 EST" duration-ms="27" status="PASS">
          <reporter-output>
          </reporter-output>
        </test-method> <!-- helloWorld -->
        <test-method is-config="true" signature="onCarinaAfterMethod()[pri:0, instance:com.solvd.carina.demo.HelloWorld@5df54296]" started-at="2024-02-04T17:52:05 EST" name="onCarinaAfterMethod" finished-at="2024-02-04T17:52:05 EST" duration-ms="0" status="PASS">
          <reporter-output>
          </reporter-output>
        </test-method> <!-- onCarinaAfterMethod -->
      </class> <!-- com.solvd.carina.demo.HelloWorld -->
    </test> <!-- Hello World test -->
  </suite> <!-- Carina Demo Tests - Hello World -->
</testng-results>
